<?xml version="1.0" encoding="UTF-8"?>
<Site BuildName="(empty)"
	BuildStamp="20240917-0133-Experimental"
	Name="umelab-pgi5g"
	Generator="ctest-3.29.6"
	CompilerName="/usr/bin/c++"
	CompilerVersion="9.4.0"
	OSName="Linux"
	Hostname="umelab-pgi5g"
	OSRelease="5.15.0-121-generic"
	OSVersion="#131~20.04.1-Ubuntu SMP Mon Aug 12 13:09:56 UTC 2024"
	OSPlatform="x86_64"
	Is64Bits="1"
	VendorString="GenuineIntel"
	VendorID="Intel Corporation"
	FamilyID="6"
	ModelID="151"
	ProcessorCacheSize="18432"
	NumberOfLogicalCPU="12"
	NumberOfPhysicalCPU="6"
	TotalVirtualMemory="2047"
	TotalPhysicalMemory="15829"
	LogicalProcessorsPerPhysical="2"
	ProcessorClockFrequency="3992.85"
	>
	<Testing>
		<StartDateTime>Sep 17 16:12 JST</StartDateTime>
		<StartTestTime>1726557161</StartTestTime>
		<TestList/>
		<EndDateTime>Sep 17 16:12 JST</EndDateTime>
		<EndTestTime>1726557161</EndTestTime>
		<ElapsedMinutes>0</ElapsedMinutes>
	</Testing>
</Site>
